0 info it worked if it ends with ok
1 verbose cli [ '/usr/local/bin/node',
1 verbose cli   '/usr/local/bin/npm',
1 verbose cli   '-g',
1 verbose cli   'install',
1 verbose cli   'iconic' ]
2 info using npm@2.15.5
3 info using node@v4.4.5
4 verbose install initial load of /usr/local/lib/package.json
5 verbose readDependencies loading dependencies from /usr/local/lib/package.json
6 silly cache add args [ 'iconic', null ]
7 verbose cache add spec iconic
8 silly cache add parsed spec Result {
8 silly cache add   raw: 'iconic',
8 silly cache add   scope: null,
8 silly cache add   name: 'iconic',
8 silly cache add   rawSpec: '',
8 silly cache add   spec: 'latest',
8 silly cache add   type: 'tag' }
9 silly addNamed iconic@latest
10 verbose addNamed "latest" is being treated as a dist-tag for iconic
11 info addNameTag [ 'iconic', 'latest' ]
12 silly mapToRegistry name iconic
13 silly mapToRegistry using default registry
14 silly mapToRegistry registry https://registry.npmjs.org/
15 silly mapToRegistry data Result {
15 silly mapToRegistry   raw: 'iconic',
15 silly mapToRegistry   scope: null,
15 silly mapToRegistry   name: 'iconic',
15 silly mapToRegistry   rawSpec: '',
15 silly mapToRegistry   spec: 'latest',
15 silly mapToRegistry   type: 'tag' }
16 silly mapToRegistry uri https://registry.npmjs.org/iconic
17 verbose addNameTag registry:https://registry.npmjs.org/iconic not in flight; fetching
18 verbose request uri https://registry.npmjs.org/iconic
19 verbose request no auth needed
20 info attempt registry request try #1 at 12:18:06 AM
21 verbose request id 4faf6da68c4469b3
22 http request GET https://registry.npmjs.org/iconic
23 http 200 https://registry.npmjs.org/iconic
24 verbose headers { server: 'CouchDB/1.5.0 (Erlang OTP/R16B03)',
24 verbose headers   etag: '"28G95NM6DUI2SPCTJFJGNS021"',
24 verbose headers   'content-type': 'application/json',
24 verbose headers   'content-encoding': 'gzip',
24 verbose headers   'cache-control': 'max-age=300',
24 verbose headers   'content-length': '682',
24 verbose headers   'accept-ranges': 'bytes',
24 verbose headers   date: 'Wed, 15 Jun 2016 17:18:07 GMT',
24 verbose headers   via: '1.1 varnish',
24 verbose headers   age: '0',
24 verbose headers   connection: 'keep-alive',
24 verbose headers   'x-served-by': 'cache-sin6924-SIN',
24 verbose headers   'x-cache': 'MISS',
24 verbose headers   'x-cache-hits': '0',
24 verbose headers   'x-timer': 'S1466011087.681171,VS0,VE213',
24 verbose headers   vary: 'Accept-Encoding' }
25 silly get cb [ 200,
25 silly get   { server: 'CouchDB/1.5.0 (Erlang OTP/R16B03)',
25 silly get     etag: '"28G95NM6DUI2SPCTJFJGNS021"',
25 silly get     'content-type': 'application/json',
25 silly get     'content-encoding': 'gzip',
25 silly get     'cache-control': 'max-age=300',
25 silly get     'content-length': '682',
25 silly get     'accept-ranges': 'bytes',
25 silly get     date: 'Wed, 15 Jun 2016 17:18:07 GMT',
25 silly get     via: '1.1 varnish',
25 silly get     age: '0',
25 silly get     connection: 'keep-alive',
25 silly get     'x-served-by': 'cache-sin6924-SIN',
25 silly get     'x-cache': 'MISS',
25 silly get     'x-cache-hits': '0',
25 silly get     'x-timer': 'S1466011087.681171,VS0,VE213',
25 silly get     vary: 'Accept-Encoding' } ]
26 verbose get saving iconic to /Users/cornelisdanieljuliusdethan/.npm/registry.npmjs.org/iconic/.cache.json
27 verbose correctMkdir /Users/cornelisdanieljuliusdethan/.npm correctMkdir not in flight; initializing
28 silly addNameTag next cb for iconic with tag latest
29 silly addNamed iconic@0.0.2
30 verbose addNamed "0.0.2" is a plain semver version for iconic
31 silly mapToRegistry name iconic
32 silly mapToRegistry using default registry
33 silly mapToRegistry registry https://registry.npmjs.org/
34 silly mapToRegistry data Result {
34 silly mapToRegistry   raw: 'iconic',
34 silly mapToRegistry   scope: null,
34 silly mapToRegistry   name: 'iconic',
34 silly mapToRegistry   rawSpec: '',
34 silly mapToRegistry   spec: 'latest',
34 silly mapToRegistry   type: 'tag' }
35 silly mapToRegistry uri https://registry.npmjs.org/iconic
36 verbose addRemoteTarball https://registry.npmjs.org/iconic/-/iconic-0.0.2.tgz not in flight; adding
37 verbose addRemoteTarball [ 'https://registry.npmjs.org/iconic/-/iconic-0.0.2.tgz',
37 verbose addRemoteTarball   '6cfa7c7ec25a92bc1cc4848a70bd3b8e18b92129' ]
38 info retry fetch attempt 1 at 12:18:07 AM
39 info attempt registry request try #1 at 12:18:07 AM
40 http fetch GET https://registry.npmjs.org/iconic/-/iconic-0.0.2.tgz
41 http fetch 200 https://registry.npmjs.org/iconic/-/iconic-0.0.2.tgz
42 silly fetchAndShaCheck shasum 6cfa7c7ec25a92bc1cc4848a70bd3b8e18b92129
43 verbose addTmpTarball /var/folders/3c/8sbwdpk53jsbfs6_fg57t52m0000gn/T/npm-7814-9a73282e/registry.npmjs.org/iconic/-/iconic-0.0.2.tgz not in flight; adding
44 verbose addTmpTarball already have metadata; skipping unpack for iconic@0.0.2
45 verbose correctMkdir /Users/cornelisdanieljuliusdethan/.npm correctMkdir not in flight; initializing
46 silly cache afterAdd iconic@0.0.2
47 verbose afterAdd /Users/cornelisdanieljuliusdethan/.npm/iconic/0.0.2/package/package.json not in flight; writing
48 verbose correctMkdir /Users/cornelisdanieljuliusdethan/.npm correctMkdir not in flight; initializing
49 verbose afterAdd /Users/cornelisdanieljuliusdethan/.npm/iconic/0.0.2/package/package.json written
50 silly install resolved [ { name: 'iconic',
50 silly install resolved     version: '0.0.2',
50 silly install resolved     main: './lib/index.js',
50 silly install resolved     dependencies:
50 silly install resolved      { jade: '^1.11.0',
50 silly install resolved        librsvg: '^0.6.3',
50 silly install resolved        underscore: '^1.8.3',
50 silly install resolved        wrench: '^1.5.9' },
50 silly install resolved     _id: 'iconic@0.0.2',
50 silly install resolved     scripts: {},
50 silly install resolved     _shasum: '6cfa7c7ec25a92bc1cc4848a70bd3b8e18b92129',
50 silly install resolved     _from: 'iconic@latest',
50 silly install resolved     _npmVersion: '3.8.6',
50 silly install resolved     _nodeVersion: '5.11.1',
50 silly install resolved     _npmUser: { name: 'sencort', email: 'admin@sencort.com' },
50 silly install resolved     dist:
50 silly install resolved      { shasum: '6cfa7c7ec25a92bc1cc4848a70bd3b8e18b92129',
50 silly install resolved        tarball: 'https://registry.npmjs.org/iconic/-/iconic-0.0.2.tgz' },
50 silly install resolved     maintainers: [ [Object] ],
50 silly install resolved     _npmOperationalInternal:
50 silly install resolved      { host: 'packages-12-west.internal.npmjs.com',
50 silly install resolved        tmp: 'tmp/iconic-0.0.2.tgz_1464054454796_0.11655635456554592' },
50 silly install resolved     directories: {},
50 silly install resolved     _resolved: 'https://registry.npmjs.org/iconic/-/iconic-0.0.2.tgz' } ]
51 info install iconic@0.0.2 into /usr/local/lib
52 info installOne iconic@0.0.2
53 verbose installOne of iconic to /usr/local/lib not in flight; installing
54 verbose correctMkdir /Users/cornelisdanieljuliusdethan/.npm/_locks correctMkdir not in flight; initializing
55 verbose lock using /Users/cornelisdanieljuliusdethan/.npm/_locks/iconic-f65339aa67ca3aa9.lock for /usr/local/lib/node_modules/iconic
56 silly install write writing iconic 0.0.2 to /usr/local/lib/node_modules/iconic
57 verbose unbuild lib/node_modules/iconic
58 silly gentlyRm /usr/local/lib/node_modules/iconic is being purged from base /usr/local
59 verbose gentlyRm don't care about contents; nuking /usr/local/lib/node_modules/iconic
60 verbose tar unpack /Users/cornelisdanieljuliusdethan/.npm/iconic/0.0.2/package.tgz
61 verbose tar unpacking to /usr/local/lib/node_modules/iconic
62 silly gentlyRm /usr/local/lib/node_modules/iconic is being purged
63 verbose gentlyRm don't care about contents; nuking /usr/local/lib/node_modules/iconic
64 silly gunzTarPerm modes [ '755', '644' ]
65 error tar.unpack untar error /Users/cornelisdanieljuliusdethan/.npm/iconic/0.0.2/package.tgz
66 verbose unlock done using /Users/cornelisdanieljuliusdethan/.npm/_locks/iconic-f65339aa67ca3aa9.lock for /usr/local/lib/node_modules/iconic
67 verbose fstream_path /usr/local/lib/node_modules/iconic
68 verbose fstream_type Directory
69 verbose fstream_class DirWriter
70 verbose stack Error: EACCES: permission denied, mkdir '/usr/local/lib/node_modules/iconic'
70 verbose stack     at Error (native)
71 verbose fstream_stack /usr/local/lib/node_modules/npm/node_modules/fstream/lib/dir-writer.js:35:25
71 verbose fstream_stack /usr/local/lib/node_modules/npm/node_modules/mkdirp/index.js:47:53
71 verbose fstream_stack FSReqWrap.oncomplete (fs.js:82:15)
72 verbose cwd /Users/cornelisdanieljuliusdethan/Documents/Development/WebApps/Ionic/Simplenewway
73 error Darwin 15.3.0
74 error argv "/usr/local/bin/node" "/usr/local/bin/npm" "-g" "install" "iconic"
75 error node v4.4.5
76 error npm  v2.15.5
77 error path /usr/local/lib/node_modules/iconic
78 error code EACCES
79 error errno -13
80 error syscall mkdir
81 error Error: EACCES: permission denied, mkdir '/usr/local/lib/node_modules/iconic'
81 error     at Error (native)
81 error  { [Error: EACCES: permission denied, mkdir '/usr/local/lib/node_modules/iconic']
81 error   errno: -13,
81 error   code: 'EACCES',
81 error   syscall: 'mkdir',
81 error   path: '/usr/local/lib/node_modules/iconic',
81 error   fstream_type: 'Directory',
81 error   fstream_path: '/usr/local/lib/node_modules/iconic',
81 error   fstream_class: 'DirWriter',
81 error   fstream_stack:
81 error    [ '/usr/local/lib/node_modules/npm/node_modules/fstream/lib/dir-writer.js:35:25',
81 error      '/usr/local/lib/node_modules/npm/node_modules/mkdirp/index.js:47:53',
81 error      'FSReqWrap.oncomplete (fs.js:82:15)' ] }
82 error Please try running this command again as root/Administrator.
83 verbose exit [ -13, true ]
84 verbose unbuild lib/node_modules/iconic
85 silly gentlyRm /usr/local/lib/node_modules/iconic is being purged from base /usr/local
86 verbose gentlyRm don't care about contents; nuking /usr/local/lib/node_modules/iconic
